


ARM Macro Assembler    Page 1 


    1 00000000         ;*******************************************************
                       ************************
    2 00000000         ;* File Name          : startup_PT32G031x.s
    3 00000000         ;* Author             : Application development team
    4 00000000         ;* Description        : PT32G031x devices vector table f
                       or MDK-ARM toolchain. 
    5 00000000         ;*                      This module performs:
    6 00000000         ;*                      - Set the initial SP
    7 00000000         ;*                      - Set the initial PC == Reset_Ha
                       ndler
    8 00000000         ;*                      - Set the vector table entries w
                       ith the exceptions ISR address
    9 00000000         ;*                      - Branches to __main in the C li
                       brary (which eventually
   10 00000000         ;*                        calls main()).
   11 00000000         ;*******************************************************
                       *************************
   12 00000000         ;* @attention
   13 00000000         ;*
   14 00000000         ;* Copyright (c) 2024 Pai-IC Microelectronics.
   15 00000000         ;* All rights reserved.
   16 00000000         ;*
   17 00000000         ;*******************************************************
                       ************************
   18 00000000         
   19 00000000         ; Amount of memory (in bytes) allocated for Stack and He
                       ap
   20 00000000         ; Tailor those values to your application needs
   21 00000000         ;//   <o> Stack Size (in Bytes, must 8 byte aligned) <0-
                       16384:8>
   22 00000000 00000400 
                       Stack_Size
                               EQU              1024
   23 00000000         
   24 00000000                 AREA             STACK, NOINIT, READWRITE, ALIGN
 = 3
   25 00000000         Stack_Mem
                               SPACE            Stack_Size
   26 00000400         __initial_sp
   27 00000400         
   28 00000400         ;//   <o>  Heap Size (in Bytes) <0-16384:8>
   29 00000400 00000000 
                       Heap_Size
                               EQU              0
   30 00000400         
   31 00000400                 AREA             HEAP, NOINIT, READWRITE, ALIGN 
= 3
   32 00000000         __heap_base
   33 00000000         Heap_Mem
                               SPACE            Heap_Size
   34 00000000         __heap_limit
   35 00000000         
   36 00000000                 PRESERVE8
   37 00000000                 THUMB
   38 00000000         
   39 00000000         ;*******************************************************
                       ************************
   40 00000000         ; Fill-up the Vector Table entries with the exceptions I
                       SR address



ARM Macro Assembler    Page 2 


   41 00000000         ;*******************************************************
                       ************************
   42 00000000         ; Vector Table Mapped to Address 0 at Reset
   43 00000000                 AREA             RESET, CODE, READONLY
   44 00000000                 EXPORT           __Vectors
   45 00000000                 EXPORT           __Vectors_End
   46 00000000                 EXPORT           __Vectors_Size
   47 00000000         
   48 00000000 00000000 
                       __Vectors
                               DCD              __initial_sp ; Top address of S
                                                            tack
   49 00000004 00000000        DCD              Reset_Handler ; Reset Handler
   50 00000008 00000000        DCD              NMI_Handler ; NMI Handler
   51 0000000C 00000000        DCD              HardFault_Handler ; Hard Fault 
                                                            Handler
   52 00000010 00000000        DCD              0           ; Reserved
   53 00000014 00000000        DCD              0           ; Reserved
   54 00000018 00000000        DCD              0           ; Reserved
   55 0000001C 00000000        DCD              0           ; Reserved
   56 00000020 00000000        DCD              0           ; Reserved
   57 00000024 00000000        DCD              0           ; Reserved
   58 00000028 00000000        DCD              0           ; Reserved      
   59 0000002C 00000000        DCD              SVC_Handler ; SVC Handler
   60 00000030 00000000        DCD              0           ; Reserved
   61 00000034 00000000        DCD              0           ; Reserved
   62 00000038 00000000        DCD              PendSV_Handler ; PendSV Handler
                                                            
   63 0000003C 00000000        DCD              SysTick_Handler 
                                                            ; SysTick Handler
   64 00000040         
   65 00000040         ; External Interrupt Handler
   66 00000040 00000000        DCD              PVD_Handler ;  16+ 0:  PVD_Hand
                                                            ler
   67 00000044 00000000        DCD              0           ;  16+ 1:  Reserved
                                                            
   68 00000048 00000000        DCD              0           ;  16+ 2:  Reserved
                                                            
   69 0000004C 00000000        DCD              IFMC_Handler ;  16+ 3:  IFMC_Ha
                                                            ndler
   70 00000050 00000000        DCD              DMA_Handler ;  16+ 4:  DMA_Hand
                                                            ler
   71 00000054 00000000        DCD              EXTIA_Handler ;  16+ 5:  EXTIA_
                                                            Handler
   72 00000058 00000000        DCD              EXTIB_Handler ;  16+ 6:  EXTIB_
                                                            Handler
   73 0000005C 00000000        DCD              0           ;  16+ 7:  Reserved
                                                            
   74 00000060 00000000        DCD              0           ;  16+ 8:  Reserved
                                                            
   75 00000064 00000000        DCD              CMP1_Handler ;  16+ 9:  CMP1_Ha
                                                            ndler
   76 00000068 00000000        DCD              0           ;  16+ 10: Reserved
                                                            
   77 0000006C 00000000        DCD              0           ;  16+ 11: Reserved
                                                            
   78 00000070 00000000        DCD              ADC0_Handler ;  16+ 12: ADC0_Ha
                                                            ndler
   79 00000074 00000000        DCD              TIM1_Handler ;  16+ 13: TIM1_Ha



ARM Macro Assembler    Page 3 


                                                            ndler
   80 00000078 00000000        DCD              0           ;  16+ 14: Reserved
                                                            
   81 0000007C 00000000        DCD              TIM4_Handler ;  16+ 15: TIM4_Ha
                                                            ndler
   82 00000080 00000000        DCD              TIM3_Handler ;  16+ 16: TIM3_Ha
                                                            ndler
   83 00000084 00000000        DCD              TIM2_Handler ;  16+ 17: TIM2_Ha
                                                            ndler
   84 00000088 00000000        DCD              ALU_Handler ;  16+ 18: ALU_Hand
                                                            ler
   85 0000008C 00000000        DCD              0           ;  16+ 19: Reserved
                                                            
   86 00000090 00000000        DCD              0           ;  16+ 20: Reserved
                                                            
   87 00000094 00000000        DCD              CMP0_Handler ;  16+ 21: CMP0_Ha
                                                            ndler
   88 00000098 00000000        DCD              TIM8_Handler ;  16+ 22: TIM8_Ha
                                                            ndler
   89 0000009C 00000000        DCD              I2C0_Handler ;  16+ 23: I2C0_Ha
                                                            ndler
   90 000000A0 00000000        DCD              0           ;  16+ 24: Reserved
                                                            
   91 000000A4 00000000        DCD              SPI0_Handler ;  16+ 25: SPI0_Ha
                                                            ndler
   92 000000A8 00000000        DCD              0           ;  16+ 26: Reserved
                                                              
   93 000000AC 00000000        DCD              UART0_Handler ;  16+ 27: UART0_
                                                            Handler     
   94 000000B0 00000000        DCD              0           ;  16+ 28: Reserved
                                                            
   95 000000B4 00000000        DCD              0           ;  16+ 29: Reserved
                                                             
   96 000000B8 00000000        DCD              0           ;  16+ 30: Reserved
                                                            
   97 000000BC 00000000        DCD              0           ;  16+ 31: Reserved
                                                            
   98 000000C0         __Vectors_End
   99 000000C0         
  100 000000C0 000000C0 
                       __Vectors_Size
                               EQU              __Vectors_End - __Vectors
  101 000000C0         
  102 000000C0                 AREA             |.text|, CODE, READONLY
  103 00000000         
  104 00000000         ; Reset handler routine
  105 00000000         Reset_Handler
                               PROC
  106 00000000                 EXPORT           Reset_Handler   [WEAK]
  107 00000000                 IMPORT           __main
  108 00000000                 IMPORT           SystemInit
  109 00000000         
  110 00000000 4804            LDR              R0, =SystemInit
  111 00000002 4780            BLX              R0
  112 00000004 4804            LDR              R0, =__main
  113 00000006 4700            BX               R0
  114 00000008                 ENDP
  115 00000008         
  116 00000008         ; Dummy Exception Handlers



ARM Macro Assembler    Page 4 


  117 00000008         NMI_Handler
                               PROC
  118 00000008                 EXPORT           NMI_Handler   [WEAK]
  119 00000008 E7FE            B                .
  120 0000000A                 ENDP
  121 0000000A         
  122 0000000A         HardFault_Handler
                               PROC
  123 0000000A                 EXPORT           HardFault_Handler  [WEAK]
  124 0000000A E7FE            B                .
  125 0000000C                 ENDP
  126 0000000C         
  127 0000000C         SVC_Handler
                               PROC
  128 0000000C                 EXPORT           SVC_Handler   [WEAK]
  129 0000000C E7FE            B                .
  130 0000000E                 ENDP
  131 0000000E         
  132 0000000E         PendSV_Handler
                               PROC
  133 0000000E                 EXPORT           PendSV_Handler   [WEAK]
  134 0000000E E7FE            B                .
  135 00000010                 ENDP
  136 00000010         
  137 00000010         SysTick_Handler
                               PROC
  138 00000010                 EXPORT           SysTick_Handler   [WEAK]
  139 00000010 E7FE            B                .
  140 00000012                 ENDP
  141 00000012         
  142 00000012         Default_Handler
                               PROC
  143 00000012                 EXPORT           PVD_Handler   [WEAK]
  144 00000012                 EXPORT           IFMC_Handler   [WEAK]
  145 00000012                 EXPORT           DMA_Handler   [WEAK]
  146 00000012                 EXPORT           EXTIA_Handler   [WEAK]
  147 00000012                 EXPORT           EXTIB_Handler   [WEAK]
  148 00000012                 EXPORT           CMP1_Handler   [WEAK]
  149 00000012                 EXPORT           ADC0_Handler   [WEAK]
  150 00000012                 EXPORT           TIM1_Handler   [WEAK]
  151 00000012                 EXPORT           TIM4_Handler   [WEAK]
  152 00000012                 EXPORT           TIM3_Handler   [WEAK]
  153 00000012                 EXPORT           TIM2_Handler   [WEAK]
  154 00000012                 EXPORT           ALU_Handler   [WEAK]
  155 00000012                 EXPORT           CMP0_Handler   [WEAK]
  156 00000012                 EXPORT           TIM8_Handler   [WEAK]
  157 00000012                 EXPORT           I2C0_Handler   [WEAK]
  158 00000012                 EXPORT           SPI0_Handler   [WEAK]
  159 00000012                 EXPORT           UART0_Handler   [WEAK]
  160 00000012         
  161 00000012         PVD_Handler
  162 00000012         IFMC_Handler
  163 00000012         DMA_Handler
  164 00000012         EXTIA_Handler
  165 00000012         EXTIB_Handler
  166 00000012         CMP1_Handler
  167 00000012         ADC0_Handler
  168 00000012         TIM1_Handler
  169 00000012         TIM4_Handler



ARM Macro Assembler    Page 5 


  170 00000012         TIM3_Handler
  171 00000012         TIM2_Handler
  172 00000012         ALU_Handler
  173 00000012         CMP0_Handler
  174 00000012         TIM8_Handler
  175 00000012         I2C0_Handler
  176 00000012         SPI0_Handler
  177 00000012         UART0_Handler
  178 00000012         
  179 00000012 E7FE            B                .
  180 00000014                 ENDP
  181 00000014         
  182 00000014                 ALIGN
  183 00000014         
  184 00000014         ;*******************************************************
                       ************************
  185 00000014         ; User Stack and Heap initialization
  186 00000014         ;*******************************************************
                       ************************
  187 00000014                 IF               :DEF:__MICROLIB
  188 00000014         
  189 00000014                 EXPORT           __initial_sp
  190 00000014                 EXPORT           __heap_base
  191 00000014                 EXPORT           __heap_limit
  192 00000014         
  193 00000014                 ELSE
  207                          ENDIF
  208 00000014         
  209 00000014                 END
              00000000 
              00000000 
Command Line: --debug --xref --diag_suppress=9931,A1950W --cpu=Cortex-M0 --depe
nd=.\out\startup_ptm280x.d -o.\out\startup_ptm280x.o -IC:\Users\xx2j\AppData\Lo
cal\Arm\Packs\PAI-IC\PT32x0xx_DFP\0.6.0\stdperiph_lib\Libraries\PT32x0xx_FWLib\
inc --predefine="__MICROLIB SETA 1" --predefine="__UVISION_VERSION SETA 541" --
predefine="PTM280x6x7 SETA 1" --list=.\list\startup_ptm280x.lst ..\..\..\Librar
ies\SYSTEM\PTM280x\arm\startup_PTM280x.s



ARM Macro Assembler    Page 1 Alphabetic symbol ordering
Relocatable symbols

STACK 00000000

Symbol: STACK
   Definitions
      At line 24 in file ..\..\..\Libraries\SYSTEM\PTM280x\arm\startup_PTM280x.
s
   Uses
      None
Comment: STACK unused
Stack_Mem 00000000

Symbol: Stack_Mem
   Definitions
      At line 25 in file ..\..\..\Libraries\SYSTEM\PTM280x\arm\startup_PTM280x.
s
   Uses
      None
Comment: Stack_Mem unused
__initial_sp 00000400

Symbol: __initial_sp
   Definitions
      At line 26 in file ..\..\..\Libraries\SYSTEM\PTM280x\arm\startup_PTM280x.
s
   Uses
      At line 48 in file ..\..\..\Libraries\SYSTEM\PTM280x\arm\startup_PTM280x.
s
      At line 189 in file ..\..\..\Libraries\SYSTEM\PTM280x\arm\startup_PTM280x
.s

3 symbols



ARM Macro Assembler    Page 1 Alphabetic symbol ordering
Relocatable symbols

HEAP 00000000

Symbol: HEAP
   Definitions
      At line 31 in file ..\..\..\Libraries\SYSTEM\PTM280x\arm\startup_PTM280x.
s
   Uses
      None
Comment: HEAP unused
Heap_Mem 00000000

Symbol: Heap_Mem
   Definitions
      At line 33 in file ..\..\..\Libraries\SYSTEM\PTM280x\arm\startup_PTM280x.
s
   Uses
      None
Comment: Heap_Mem unused
__heap_base 00000000

Symbol: __heap_base
   Definitions
      At line 32 in file ..\..\..\Libraries\SYSTEM\PTM280x\arm\startup_PTM280x.
s
   Uses
      At line 190 in file ..\..\..\Libraries\SYSTEM\PTM280x\arm\startup_PTM280x
.s
Comment: __heap_base used once
__heap_limit 00000000

Symbol: __heap_limit
   Definitions
      At line 34 in file ..\..\..\Libraries\SYSTEM\PTM280x\arm\startup_PTM280x.
s
   Uses
      At line 191 in file ..\..\..\Libraries\SYSTEM\PTM280x\arm\startup_PTM280x
.s
Comment: __heap_limit used once
4 symbols



ARM Macro Assembler    Page 1 Alphabetic symbol ordering
Relocatable symbols

RESET 00000000

Symbol: RESET
   Definitions
      At line 43 in file ..\..\..\Libraries\SYSTEM\PTM280x\arm\startup_PTM280x.
s
   Uses
      None
Comment: RESET unused
__Vectors 00000000

Symbol: __Vectors
   Definitions
      At line 48 in file ..\..\..\Libraries\SYSTEM\PTM280x\arm\startup_PTM280x.
s
   Uses
      At line 44 in file ..\..\..\Libraries\SYSTEM\PTM280x\arm\startup_PTM280x.
s
      At line 100 in file ..\..\..\Libraries\SYSTEM\PTM280x\arm\startup_PTM280x
.s

__Vectors_End 000000C0

Symbol: __Vectors_End
   Definitions
      At line 98 in file ..\..\..\Libraries\SYSTEM\PTM280x\arm\startup_PTM280x.
s
   Uses
      At line 45 in file ..\..\..\Libraries\SYSTEM\PTM280x\arm\startup_PTM280x.
s
      At line 100 in file ..\..\..\Libraries\SYSTEM\PTM280x\arm\startup_PTM280x
.s

3 symbols



ARM Macro Assembler    Page 1 Alphabetic symbol ordering
Relocatable symbols

.text 00000000

Symbol: .text
   Definitions
      At line 102 in file ..\..\..\Libraries\SYSTEM\PTM280x\arm\startup_PTM280x
.s
   Uses
      None
Comment: .text unused
ADC0_Handler 00000012

Symbol: ADC0_Handler
   Definitions
      At line 167 in file ..\..\..\Libraries\SYSTEM\PTM280x\arm\startup_PTM280x
.s
   Uses
      At line 78 in file ..\..\..\Libraries\SYSTEM\PTM280x\arm\startup_PTM280x.
s
      At line 149 in file ..\..\..\Libraries\SYSTEM\PTM280x\arm\startup_PTM280x
.s

ALU_Handler 00000012

Symbol: ALU_Handler
   Definitions
      At line 172 in file ..\..\..\Libraries\SYSTEM\PTM280x\arm\startup_PTM280x
.s
   Uses
      At line 84 in file ..\..\..\Libraries\SYSTEM\PTM280x\arm\startup_PTM280x.
s
      At line 154 in file ..\..\..\Libraries\SYSTEM\PTM280x\arm\startup_PTM280x
.s

CMP0_Handler 00000012

Symbol: CMP0_Handler
   Definitions
      At line 173 in file ..\..\..\Libraries\SYSTEM\PTM280x\arm\startup_PTM280x
.s
   Uses
      At line 87 in file ..\..\..\Libraries\SYSTEM\PTM280x\arm\startup_PTM280x.
s
      At line 155 in file ..\..\..\Libraries\SYSTEM\PTM280x\arm\startup_PTM280x
.s

CMP1_Handler 00000012

Symbol: CMP1_Handler
   Definitions
      At line 166 in file ..\..\..\Libraries\SYSTEM\PTM280x\arm\startup_PTM280x
.s
   Uses
      At line 75 in file ..\..\..\Libraries\SYSTEM\PTM280x\arm\startup_PTM280x.
s
      At line 148 in file ..\..\..\Libraries\SYSTEM\PTM280x\arm\startup_PTM280x
.s

DMA_Handler 00000012




ARM Macro Assembler    Page 2 Alphabetic symbol ordering
Relocatable symbols

Symbol: DMA_Handler
   Definitions
      At line 163 in file ..\..\..\Libraries\SYSTEM\PTM280x\arm\startup_PTM280x
.s
   Uses
      At line 70 in file ..\..\..\Libraries\SYSTEM\PTM280x\arm\startup_PTM280x.
s
      At line 145 in file ..\..\..\Libraries\SYSTEM\PTM280x\arm\startup_PTM280x
.s

Default_Handler 00000012

Symbol: Default_Handler
   Definitions
      At line 142 in file ..\..\..\Libraries\SYSTEM\PTM280x\arm\startup_PTM280x
.s
   Uses
      None
Comment: Default_Handler unused
EXTIA_Handler 00000012

Symbol: EXTIA_Handler
   Definitions
      At line 164 in file ..\..\..\Libraries\SYSTEM\PTM280x\arm\startup_PTM280x
.s
   Uses
      At line 71 in file ..\..\..\Libraries\SYSTEM\PTM280x\arm\startup_PTM280x.
s
      At line 146 in file ..\..\..\Libraries\SYSTEM\PTM280x\arm\startup_PTM280x
.s

EXTIB_Handler 00000012

Symbol: EXTIB_Handler
   Definitions
      At line 165 in file ..\..\..\Libraries\SYSTEM\PTM280x\arm\startup_PTM280x
.s
   Uses
      At line 72 in file ..\..\..\Libraries\SYSTEM\PTM280x\arm\startup_PTM280x.
s
      At line 147 in file ..\..\..\Libraries\SYSTEM\PTM280x\arm\startup_PTM280x
.s

HardFault_Handler 0000000A

Symbol: HardFault_Handler
   Definitions
      At line 122 in file ..\..\..\Libraries\SYSTEM\PTM280x\arm\startup_PTM280x
.s
   Uses
      At line 51 in file ..\..\..\Libraries\SYSTEM\PTM280x\arm\startup_PTM280x.
s
      At line 123 in file ..\..\..\Libraries\SYSTEM\PTM280x\arm\startup_PTM280x
.s

I2C0_Handler 00000012

Symbol: I2C0_Handler
   Definitions



ARM Macro Assembler    Page 3 Alphabetic symbol ordering
Relocatable symbols

      At line 175 in file ..\..\..\Libraries\SYSTEM\PTM280x\arm\startup_PTM280x
.s
   Uses
      At line 89 in file ..\..\..\Libraries\SYSTEM\PTM280x\arm\startup_PTM280x.
s
      At line 157 in file ..\..\..\Libraries\SYSTEM\PTM280x\arm\startup_PTM280x
.s

IFMC_Handler 00000012

Symbol: IFMC_Handler
   Definitions
      At line 162 in file ..\..\..\Libraries\SYSTEM\PTM280x\arm\startup_PTM280x
.s
   Uses
      At line 69 in file ..\..\..\Libraries\SYSTEM\PTM280x\arm\startup_PTM280x.
s
      At line 144 in file ..\..\..\Libraries\SYSTEM\PTM280x\arm\startup_PTM280x
.s

NMI_Handler 00000008

Symbol: NMI_Handler
   Definitions
      At line 117 in file ..\..\..\Libraries\SYSTEM\PTM280x\arm\startup_PTM280x
.s
   Uses
      At line 50 in file ..\..\..\Libraries\SYSTEM\PTM280x\arm\startup_PTM280x.
s
      At line 118 in file ..\..\..\Libraries\SYSTEM\PTM280x\arm\startup_PTM280x
.s

PVD_Handler 00000012

Symbol: PVD_Handler
   Definitions
      At line 161 in file ..\..\..\Libraries\SYSTEM\PTM280x\arm\startup_PTM280x
.s
   Uses
      At line 66 in file ..\..\..\Libraries\SYSTEM\PTM280x\arm\startup_PTM280x.
s
      At line 143 in file ..\..\..\Libraries\SYSTEM\PTM280x\arm\startup_PTM280x
.s

PendSV_Handler 0000000E

Symbol: PendSV_Handler
   Definitions
      At line 132 in file ..\..\..\Libraries\SYSTEM\PTM280x\arm\startup_PTM280x
.s
   Uses
      At line 62 in file ..\..\..\Libraries\SYSTEM\PTM280x\arm\startup_PTM280x.
s
      At line 133 in file ..\..\..\Libraries\SYSTEM\PTM280x\arm\startup_PTM280x
.s

Reset_Handler 00000000

Symbol: Reset_Handler



ARM Macro Assembler    Page 4 Alphabetic symbol ordering
Relocatable symbols

   Definitions
      At line 105 in file ..\..\..\Libraries\SYSTEM\PTM280x\arm\startup_PTM280x
.s
   Uses
      At line 49 in file ..\..\..\Libraries\SYSTEM\PTM280x\arm\startup_PTM280x.
s
      At line 106 in file ..\..\..\Libraries\SYSTEM\PTM280x\arm\startup_PTM280x
.s

SPI0_Handler 00000012

Symbol: SPI0_Handler
   Definitions
      At line 176 in file ..\..\..\Libraries\SYSTEM\PTM280x\arm\startup_PTM280x
.s
   Uses
      At line 91 in file ..\..\..\Libraries\SYSTEM\PTM280x\arm\startup_PTM280x.
s
      At line 158 in file ..\..\..\Libraries\SYSTEM\PTM280x\arm\startup_PTM280x
.s

SVC_Handler 0000000C

Symbol: SVC_Handler
   Definitions
      At line 127 in file ..\..\..\Libraries\SYSTEM\PTM280x\arm\startup_PTM280x
.s
   Uses
      At line 59 in file ..\..\..\Libraries\SYSTEM\PTM280x\arm\startup_PTM280x.
s
      At line 128 in file ..\..\..\Libraries\SYSTEM\PTM280x\arm\startup_PTM280x
.s

SysTick_Handler 00000010

Symbol: SysTick_Handler
   Definitions
      At line 137 in file ..\..\..\Libraries\SYSTEM\PTM280x\arm\startup_PTM280x
.s
   Uses
      At line 63 in file ..\..\..\Libraries\SYSTEM\PTM280x\arm\startup_PTM280x.
s
      At line 138 in file ..\..\..\Libraries\SYSTEM\PTM280x\arm\startup_PTM280x
.s

TIM1_Handler 00000012

Symbol: TIM1_Handler
   Definitions
      At line 168 in file ..\..\..\Libraries\SYSTEM\PTM280x\arm\startup_PTM280x
.s
   Uses
      At line 79 in file ..\..\..\Libraries\SYSTEM\PTM280x\arm\startup_PTM280x.
s
      At line 150 in file ..\..\..\Libraries\SYSTEM\PTM280x\arm\startup_PTM280x
.s

TIM2_Handler 00000012




ARM Macro Assembler    Page 5 Alphabetic symbol ordering
Relocatable symbols

Symbol: TIM2_Handler
   Definitions
      At line 171 in file ..\..\..\Libraries\SYSTEM\PTM280x\arm\startup_PTM280x
.s
   Uses
      At line 83 in file ..\..\..\Libraries\SYSTEM\PTM280x\arm\startup_PTM280x.
s
      At line 153 in file ..\..\..\Libraries\SYSTEM\PTM280x\arm\startup_PTM280x
.s

TIM3_Handler 00000012

Symbol: TIM3_Handler
   Definitions
      At line 170 in file ..\..\..\Libraries\SYSTEM\PTM280x\arm\startup_PTM280x
.s
   Uses
      At line 82 in file ..\..\..\Libraries\SYSTEM\PTM280x\arm\startup_PTM280x.
s
      At line 152 in file ..\..\..\Libraries\SYSTEM\PTM280x\arm\startup_PTM280x
.s

TIM4_Handler 00000012

Symbol: TIM4_Handler
   Definitions
      At line 169 in file ..\..\..\Libraries\SYSTEM\PTM280x\arm\startup_PTM280x
.s
   Uses
      At line 81 in file ..\..\..\Libraries\SYSTEM\PTM280x\arm\startup_PTM280x.
s
      At line 151 in file ..\..\..\Libraries\SYSTEM\PTM280x\arm\startup_PTM280x
.s

TIM8_Handler 00000012

Symbol: TIM8_Handler
   Definitions
      At line 174 in file ..\..\..\Libraries\SYSTEM\PTM280x\arm\startup_PTM280x
.s
   Uses
      At line 88 in file ..\..\..\Libraries\SYSTEM\PTM280x\arm\startup_PTM280x.
s
      At line 156 in file ..\..\..\Libraries\SYSTEM\PTM280x\arm\startup_PTM280x
.s

UART0_Handler 00000012

Symbol: UART0_Handler
   Definitions
      At line 177 in file ..\..\..\Libraries\SYSTEM\PTM280x\arm\startup_PTM280x
.s
   Uses
      At line 93 in file ..\..\..\Libraries\SYSTEM\PTM280x\arm\startup_PTM280x.
s
      At line 159 in file ..\..\..\Libraries\SYSTEM\PTM280x\arm\startup_PTM280x
.s

25 symbols



ARM Macro Assembler    Page 1 Alphabetic symbol ordering
Absolute symbols

Heap_Size 00000000

Symbol: Heap_Size
   Definitions
      At line 29 in file ..\..\..\Libraries\SYSTEM\PTM280x\arm\startup_PTM280x.
s
   Uses
      At line 33 in file ..\..\..\Libraries\SYSTEM\PTM280x\arm\startup_PTM280x.
s
Comment: Heap_Size used once
Stack_Size 00000400

Symbol: Stack_Size
   Definitions
      At line 22 in file ..\..\..\Libraries\SYSTEM\PTM280x\arm\startup_PTM280x.
s
   Uses
      At line 25 in file ..\..\..\Libraries\SYSTEM\PTM280x\arm\startup_PTM280x.
s
Comment: Stack_Size used once
__Vectors_Size 000000C0

Symbol: __Vectors_Size
   Definitions
      At line 100 in file ..\..\..\Libraries\SYSTEM\PTM280x\arm\startup_PTM280x
.s
   Uses
      At line 46 in file ..\..\..\Libraries\SYSTEM\PTM280x\arm\startup_PTM280x.
s
Comment: __Vectors_Size used once
3 symbols



ARM Macro Assembler    Page 1 Alphabetic symbol ordering
External symbols

SystemInit 00000000

Symbol: SystemInit
   Definitions
      At line 108 in file ..\..\..\Libraries\SYSTEM\PTM280x\arm\startup_PTM280x
.s
   Uses
      At line 110 in file ..\..\..\Libraries\SYSTEM\PTM280x\arm\startup_PTM280x
.s
Comment: SystemInit used once
__main 00000000

Symbol: __main
   Definitions
      At line 107 in file ..\..\..\Libraries\SYSTEM\PTM280x\arm\startup_PTM280x
.s
   Uses
      At line 112 in file ..\..\..\Libraries\SYSTEM\PTM280x\arm\startup_PTM280x
.s
Comment: __main used once
2 symbols
375 symbols in table
